<?xml version="1.0" encoding="UTF-8"?>
<!-- Generated by org.testng.reporters.JUnitReportReporter -->
<testsuite name="example.NewTest" tests="1" time="3.988" ignored="0" failures="0" timestamp="26 Aug 2021 18:10:07 GMT" skipped="0" hostname="DESKTOP-EN20GK5" errors="0">
  <testcase name="testEasy" time="3.988" classname="example.NewTest"/>
</testsuite> <!-- example.NewTest -->
